2022-07-25T06:54:25.904Z | [31merror[39m: "CrowdloansService error: TypeError: relay_1.relayApi.query.system.event is not a function"
2022-07-25T06:55:06.852Z | [31merror[39m: "CrowdloansService error: Error: system.events() does not take any arguments, 1 found"
2022-07-25T07:24:54.426Z | [31merror[39m: "CrowdloansService error: Error: No response received from RPC endpoint in 60s"
2022-07-25T07:29:03.503Z | [31merror[39m: "CrowdloansService error: RpcError: -32000: Client error: UnknownBlock: State already discarded for BlockId::Hash(0xc3e22e584b780612f642bf02209ff585d0ffe2366d176b534b00735a3faddc36)"
2022-07-25T07:29:36.598Z | [31merror[39m: "CrowdloansService error: RpcError: -32000: Client error: UnknownBlock: State already discarded for BlockId::Hash(0xc3e22e584b780612f642bf02209ff585d0ffe2366d176b534b00735a3faddc36)"
2022-07-25T07:30:10.302Z | [31merror[39m: "CrowdloansService error: RpcError: -32000: Client error: UnknownBlock: State already discarded for BlockId::Hash(0xc3e22e584b780612f642bf02209ff585d0ffe2366d176b534b00735a3faddc36)"
2022-07-25T07:32:06.110Z | [31merror[39m: "CrowdloansService error: Error: findMetaCall: Unable to find Call with index [0, x]/[0x0000]"
2022-07-25T07:32:59.379Z | [31merror[39m: "CrowdloansService error: Error: findMetaCall: Unable to find Call with index [0, x]/[0x0000]"
2022-07-25T07:36:24.217Z | [31merror[39m: "CrowdloansService error: Error: findMetaCall: Unable to find Call with index [0, x]/[0x3500]"
2022-07-25T07:37:57.903Z | [31merror[39m: "CrowdloansService error: Error: findMetaCall: Unable to find Call with index [0, x]/[0x3500]"
2022-07-25T07:44:39.216Z | [31merror[39m: "CrowdloansService error: TypeError: Cannot read property 'CandidateBacked' of undefined"
2022-07-25T08:22:49.288Z | [31merror[39m: "CrowdloansService error: RpcError: -32000: Client error: UnknownBlock: State already discarded for BlockId::Hash(0x762620e23b9fc965afa3900130d6d66068ff9a76fcf20305270f64e458dd989d)"
2022-07-25T08:35:01.932Z | [31merror[39m: "CrowdloansService error: TypeError: Cannot read property 'at' of undefined"
2022-07-25T08:36:55.523Z | [31merror[39m: "CrowdloansService error: TypeError: relay_1.relayApi.query.system.getBlock is not a function"
2022-07-25T08:47:04.181Z | [31merror[39m: "CrowdloansService error: TypeError: Cannot read property 'map' of undefined"
2022-07-25T08:56:33.819Z | [31merror[39m: "CrowdloansService error: RpcError: -32000: Client error: UnknownBlock: State already discarded for BlockId::Hash(0xf599d509f88234b2e46a516b32227582e895fc566fc23c30156189344f6bbdfa)"
2022-07-25T08:59:39.953Z | [31merror[39m: "CrowdloansService error: TypeError: logger_1.logger.warning is not a function"
2022-07-25T09:11:47.722Z | [31merror[39m: "CrowdloansService error: Error: Unable to retrieve header and parent from supplied hash"
2022-07-25T10:03:50.899Z | [31merror[39m: "Unable to retrieve header and parent from supplied hash"
2022-07-25T10:05:26.402Z | [31merror[39m: "Unable to retrieve header and parent from supplied hash"
2022-07-25T14:51:46.698Z | [31merror[39m: "Option: unwrapping a None value"
2022-07-25T14:52:20.036Z | [31merror[39m: "Option: unwrapping a None value"
2022-07-25T14:52:56.310Z | [31merror[39m: "Option: unwrapping a None value"
2022-07-25T14:55:15.338Z | [31merror[39m: "Option: unwrapping a None value"
2022-07-25T15:03:22.192Z | [31merror[39m: "Unable to retrieve header and parent from supplied hash"
2022-07-25T15:31:58.294Z | [31merror[39m: "Unable to retrieve header and parent from supplied hash"
2022-07-26T00:51:58.331Z | [31merror[39m: "Cannot read property 'at' of undefined"
2022-07-26T01:16:39.818Z | [31merror[39m: "-32000: Client error: UnknownBlock: State already discarded for BlockId::Hash(0xa1c7f8f14312114a64f225442d89151ece4449265a38d7ebd2bb53699da050af)"
2022-07-26T01:55:40.193Z | [31merror[39m: "-32000: Client error: UnknownBlock: State already discarded for BlockId::Hash(0xc5fa5b97a19ae57c75afa866eb9deb73e20d34ebd2543d2bb0aa92a2953a09a2)"
2022-07-26T06:30:30.122Z | [31merror[39m: "Option: unwrapping a None value"
2022-07-26T06:31:31.392Z | [31merror[39m: "Option: unwrapping a None value"
2022-07-26T06:32:57.754Z | [31merror[39m: "Option: unwrapping a None value"
2022-07-27T03:14:59.907Z | [31merror[39m: "Unable to retrieve header and parent from supplied hash"
2022-07-27T03:15:34.945Z | [31merror[39m: "Unable to retrieve header and parent from supplied hash"
2022-07-27T03:17:04.527Z | [31merror[39m: "Unable to retrieve header and parent from supplied hash"
